2025-12-09 15:19:35 | 7d3501cf-2429-4215-863d-8fe0462a6d29
2025-12-09 15:36:38 | 2fc19a59-3c8c-463d-b154-155c60155b1d
2025-12-09 15:40:10 | eec89dd7-0f0f-4672-b900-511054be6df1
2025-12-09 15:47:32 | c23af6a0-26e6-4c2d-aa50-ea0a54537daf
2025-12-09 15:49:04 | 4e667003-bbae-4350-a954-25db08173b49
2025-12-10 10:56:10 | 2526146d-c47a-4b24-ab78-246d647b913e
2025-12-10 11:22:17 | 30e4a969-0c21-4c54-b433-8dfc461d1c11
2025-12-10 11:29:23 | 7af6028e-6f1e-4139-8ecc-a44b290d3a1a
2025-12-10 12:00:41 | 7757acd9-c996-4a65-be78-67f78f8e79e6
2025-12-10 12:01:17 | 4c9fece8-eb65-41ec-b189-941c6c5bfae2
2025-12-10 12:02:27 | b465bfd4-e80b-4a5f-b282-281898b5efe3
2025-12-10 14:58:46 | ed362519-4830-4df9-af83-3d03e2e34616
2025-12-10 15:20:02 | 0ccfff9b-7b33-42f0-a1c3-1d977ef1bf6e
2025-12-10 15:32:05 | a9c35eb1-98a0-4850-8be4-7d33a575dcb0
2025-12-10 15:32:21 | ef7b6a20-d37b-4ec5-8378-697e17134d35
2025-12-10 15:32:52 | dbdabee6-cfc6-4113-bc86-6c7238763a1f
2025-12-10 15:42:12 | e328fd8f-0f56-4edb-9374-3a9319336381
2025-12-10 15:42:19 | 71404da3-c80e-4d22-bbba-2bf620cd9f65
2025-12-10 15:43:12 | 211da755-9e8f-4065-8de4-fd55a5ab30a9
2025-12-10 15:44:32 | 8ee1e6d7-7215-4e4d-807e-19efe9b65473
2025-12-11 11:55:45 | 7ce8a1bc-2f5d-4f73-a0d8-3481a0dbf324
2025-12-11 13:58:59 | 2033f60d-571e-41d7-b9b2-a2f110f9ba34
2025-12-11 14:00:20 | 12e15e88-9721-4f61-b0b8-324e8b355879
2025-12-11 14:43:51 | 07438e18-31e8-4eff-bfd1-bdb0e0f63d01
2025-12-11 14:52:02 | 0e3037b0-eed2-4c31-81d6-6e98e45dbb9b
2025-12-11 14:52:30 | bdd3722f-1252-4e6d-95ca-653ed36717da
2025-12-11 14:52:58 | a22e793c-684c-4c45-92de-8351a904b425
2025-12-11 14:53:27 | ca2ab3b0-5e91-405e-a0d4-ca7297dbf8f0
2025-12-11 14:53:55 | 151e38e7-28de-41eb-8c7d-13c85f696183
2025-12-11 14:54:24 | 2985fc6d-a7e0-418b-9ce5-6a67ec56a370
2025-12-11 14:54:57 | b150104d-94fa-4949-90ab-700bd0576137
2025-12-11 14:55:34 | 30bac421-bd16-48eb-ac79-3cd5cad71a7a
2025-12-11 14:56:12 | ffff7fe6-68d5-42f3-93f5-fcb8eaaf3a10
2025-12-11 14:56:51 | 4a70fe68-9454-4312-ab90-c726329160d0
2025-12-11 14:57:21 | e46ca9c6-9bd1-47fa-ba16-1cfc6906cb8e
2025-12-11 14:57:50 | 7f206ed6-2b21-4564-bd7f-0391a82841cb
2025-12-11 14:58:18 | 30b63a21-8133-4adf-9105-056a952ec893
2025-12-11 15:00:31 | c486fcf6-5e31-4ca8-9d26-343ab55b5c46
2025-12-11 15:02:20 | 85d895af-65f1-453f-a59f-073e0af27b12
2025-12-11 15:02:48 | 7520708b-2e01-40ed-9e92-ca00320a2010
2025-12-11 15:03:17 | aa7722a9-777a-4b16-a70d-83d7900b6cc4
2025-12-11 15:04:00 | d54dccc6-e861-4b5f-b2c8-fcae4b36f41c
2025-12-11 15:04:06 | 5abdde78-b747-4e04-a6f9-a81dcb2cf7bc
2025-12-11 15:09:45 | 5b3b48ad-0017-46ce-b63b-c8219bf30a33
2025-12-11 15:13:57 | fbd0ed5c-6153-40af-9c4f-c8b6f4e336c1
2025-12-11 15:14:28 | f7c2dc7a-ccdc-42c3-a227-d61fbde69de7
2025-12-12 11:50:23 | 653caa21-88b6-4d4f-81a6-5c53ce47626e
2025-12-12 11:54:15 | 82f67448-3e39-4ebd-aa7e-d9da73b8f052
2025-12-12 11:55:03 | c4805f3a-d583-44e4-833b-2d2a48639192
2025-12-12 13:20:10 | 7b1167b5-1e20-4bca-b1fc-4a21a8e179e9
2025-12-12 14:24:26 | b246125f-7c7a-4979-a0d5-e110d878a98f
2025-12-12 15:00:49 | fc566d46-9c66-4a5b-80ce-ceae2c59aa77
2025-12-12 15:33:23 | 2382703b-097b-4de0-a15b-a15e4583c77a
2025-12-12 15:37:45 | 0117a948-fdf4-4e6d-b5e8-6dcc8992ca07
2025-12-12 15:38:12 | a0c5d5ef-c3ee-41a4-891b-192fcd4ea1b7
2025-12-12 15:38:39 | 5a6ca0af-557f-4bf6-8313-eeff3970628e
2025-12-12 15:50:20 | 709e30b7-6c18-4394-b272-523845d5187a
2025-12-12 15:50:48 | 251ebecc-9d67-41a5-b187-b604e8d64cbe
2025-12-15 09:04:46 | d91b50fc-f570-4835-ae97-5d8ae7952a10
2025-12-15 09:05:59 | 41fa0ffb-d745-4ff4-9f04-fe63989a6d0d
2025-12-16 09:27:57 | 995421f8-9bbb-4396-b3d9-d0094ef24ada
2025-12-16 09:28:41 | 904e35b5-159c-4ea2-84db-a2cf5040d7e6
2025-12-16 09:29:25 | 0aeea06f-bc3c-4f95-9a73-6f1f922a5bbc
2025-12-16 09:35:21 | bf3f759a-1a53-4d0f-ba71-56cb71788cf2
2025-12-16 12:01:24 | c4425187-fe5d-4276-b7f0-26eb18e44400
2025-12-16 12:01:52 | 58bc85a5-20b3-43b4-8e3d-f8cce1861396
2025-12-16 13:19:44 | d741acb0-2e77-47bc-a20f-9c007c153241
2025-12-16 13:20:12 | 9bc987d7-4b74-444d-8ed2-96fa6fbfab62
2025-12-16 13:21:16 | 86f824e4-32b7-4f41-ae98-f5cd718b7503
2025-12-16 13:52:57 | 81f65b10-9678-4d2e-933d-4fcbf44025bb
2025-12-16 13:54:30 | df48eded-8962-43cf-a2ca-d46337be993b
2025-12-16 13:54:42 | da095a02-bdb5-4e62-a974-350f83d0bd60
2025-12-16 16:11:13 | d366df74-d925-4950-82c9-0770017962bc
2025-12-16 16:11:47 | cfa08540-dd96-4ea6-a7be-cb3307f180fc
2025-12-17 13:44:09 | f49672de-0616-4e54-8386-10d09d6c1383
2025-12-17 13:44:32 | e3cae242-27bd-4a37-9daa-e76f9cb4ea78
2025-12-17 13:44:54 | 297eb9d3-9411-4db2-ab8d-594f94036abd
2025-12-17 13:48:25 | 3182c4b1-d7b3-4b62-b3bd-151fca0b07b9
2025-12-17 13:48:59 | 81782e7c-e77c-4056-8838-517d9322ae6a
2025-12-17 13:49:33 | 43fe040a-5d37-4186-b60c-9a150c511434
2025-12-17 13:56:20 | 935ad97f-88ff-44d0-8f6a-7c0787ab923e
2025-12-17 13:56:54 | 53316afd-acd6-4da4-904b-ad63b0b20a05
2025-12-17 13:57:28 | 9ac3552e-9aae-4ca1-98f9-50ee782cbce8
2025-12-17 13:58:25 | e8e2a440-836c-4038-bee2-e4d872dab02a
2025-12-17 13:59:23 | c988f95d-f6a4-40a7-9958-94d05c4abcd9
2025-12-17 14:12:23 | a23efd06-0e32-4e2e-b9fc-84ccf06cb876
2025-12-17 14:29:08 | 2e1c369b-2e30-4a55-8403-67ce9d249072
2025-12-18 09:36:03 | 732fc8dd-dad5-4315-a53a-2fd2d2afaf49
2025-12-18 11:56:57 | d585a37c-3c06-45e4-b58d-439573b6173f
2025-12-18 13:17:18 | a63bf821-68c0-4147-a2f0-4d70cb2d6a93
2025-12-18 13:17:55 | 1697db22-e90a-42c1-9267-93965a721da7
2025-12-18 13:19:37 | e9c7caa3-db0b-4abb-9bb4-24117c542e5d
2025-12-18 13:19:48 | 16683568-5e34-4a0e-9d08-28daecda932a
2025-12-18 13:20:00 | c85db06f-8728-4a1a-aafa-fe8200cb1be0
2025-12-18 13:20:11 | 9dfb17a5-8b23-440b-b9aa-92ec31d9bea5
2025-12-18 13:20:23 | 02fcc6bb-8a4f-4b0b-9b6f-5e1070c0af24
2025-12-18 13:20:34 | 041fa42c-2340-48dc-b6a4-56989d421d64
2025-12-18 13:20:45 | 64a8c02f-2539-4001-b44d-4511ee8ab29e
2025-12-18 13:20:56 | e12b7744-f8a4-4088-8e8e-e1e3bb100134
2025-12-18 13:21:07 | 130d6996-bc7b-4dc9-9c6d-74a68bd69bd1
2025-12-18 13:21:47 | 140c4309-e770-4457-9944-08eb6c49d90c
2025-12-18 13:21:56 | 47de361f-9c0d-41f4-879a-88f6786e5bcd
2025-12-18 13:22:09 | df906b5b-c99e-456d-9c95-d70d7b6cb661
2025-12-18 13:22:20 | 9aa151a0-6b86-4dc4-b3fc-3ac56495f0f6
2025-12-18 13:38:32 | 11ab5ee9-389d-4431-b35d-343d33738af6
2025-12-18 15:24:07 | 69b8f5d4-2392-40ff-8862-319224953dc4
2025-12-18 15:25:35 | ee872f9b-5b28-4495-a082-32472f8dc20f
2025-12-18 15:26:12 | 6f82b33d-c569-4389-99d3-596fa302d440
2025-12-18 15:26:21 | 789d7545-4cf8-425a-98e0-46a38f78b0cb
2025-12-18 15:28:44 | 4674be36-87b8-47bd-8908-2ad44d3dbcb2
2025-12-18 15:29:22 | 12e4cea6-1ca4-4b15-9ab8-1e95ab67f9bb
2025-12-18 15:30:33 | 87ce52b9-b42d-4256-b833-9fb4888d8bb7
2025-12-18 15:32:19 | 13ec7421-7cea-4cd0-85f2-76fc93cfce18
2025-12-18 15:32:59 | 02cc5e4c-dba9-4870-a00b-dea271052b13
2025-12-18 15:41:11 | dbf83f11-db54-4c79-9641-14b131e702c9
2025-12-19 09:20:14 | 598b0ebf-ee9f-4929-bb22-a418d316a212
2025-12-19 09:20:52 | 62e95d41-60fc-4dab-bc44-82a9b06083e3
2025-12-19 09:21:30 | 87506f19-2bc8-4020-bd15-ce302013ed8c
2025-12-19 09:22:08 | b8696f4c-21ca-4193-9857-7fdc6ed160f3
2025-12-19 09:22:46 | efffc049-0063-4e98-a2af-959167225db5
2025-12-19 09:23:24 | 178dd7e7-a203-4609-b4c9-91d0e88a2469
2025-12-19 09:24:02 | b852021c-cfac-4a40-a003-2ae8b1d6592b
2025-12-19 10:15:27 | 98ff5526-efef-40c4-9a37-1e2d304e7621
2025-12-19 10:19:00 | c21bc9f3-6ed6-499f-96e2-475f594ff6e7
2025-12-19 10:46:11 | 5b29b916-9561-46ac-846a-ebce5212d3a6
2025-12-19 11:45:29 | d0a80d5b-dde8-406d-9684-f669a71c5e41
2025-12-19 13:43:03 | e6110d87-6b2a-49de-a548-f79c57b56af7
2025-12-19 13:48:26 | e0b87ced-bfa6-4b4f-af5f-b63959de8c5f
2025-12-19 13:51:28 | 13b4daef-e7d1-4326-bf35-92f1a18f7033
2025-12-19 14:42:43 | 950b333a-605f-4aff-9dc2-6d1878667698
2025-12-19 14:43:09 | 8aa33e2f-a02c-4d61-8797-a6659808b19d
2025-12-19 14:46:09 | 992ce5c6-6c74-4c15-a88d-4a516e62536b
2025-12-19 15:10:30 | d62342bf-e0b6-40ff-90c3-e1185154840e
2025-12-19 15:11:55 | ee96d243-6aa9-498b-877c-03914afa12ee
2025-12-19 15:42:27 | 34fbdd1f-fc13-4cdf-9094-5dd862c98b8b
2025-12-19 15:43:21 | 8c2c3e06-ac7c-4249-a80b-2b0511807804
2025-12-22 09:38:09 | c8da2729-b00c-47ad-8283-8e2fe0f40c96
2025-12-22 11:05:20 | 076839fc-1051-4b71-b990-c367dbc23f9c
2025-12-22 11:19:12 | 351c283e-82fe-4e0e-ad8d-1424f7b78422
2025-12-22 11:19:44 | 88ea83cb-5745-4850-8de1-cb837b711e13
2025-12-22 11:21:23 | 12ec4d1e-8d0f-4f45-b7f8-18f0d1c9a493
2025-12-22 11:23:32 | 82341f94-9d5f-426b-b5b3-f2593986cf5d
2025-12-22 13:17:37 | cee198fd-53dc-43a9-84d2-513c58a1679c
2025-12-22 13:18:09 | 5ec1364c-ec68-4aa7-aad5-5c38932be970
2025-12-22 15:20:01 | 0413dff6-465a-4400-a94c-e6374f85867c
2025-12-22 15:59:42 | 1d6649c2-b7b5-4f6e-b09f-4c92335d4104
2025-12-22 16:55:58 | 9bf42f04-68c5-4021-91f9-8d6258bddecb
2025-12-22 16:59:51 | 3578a17b-0e28-4ab9-8125-7202f2b08f2f
2025-12-22 17:03:46 | 3eff5199-33d5-405c-9740-82a1c9090e88
2025-12-23 10:29:29 | a09c489d-3532-454a-904e-6f55b28c583e
2025-12-23 10:38:49 | 5b502190-8926-4e27-8f17-e2d1360db5ad
2025-12-23 10:51:20 | b408ddde-0bf2-48e5-be54-3cadcb3a5a37
2025-12-23 10:52:26 | e86a2e94-b5f7-4870-8c91-f6c0b42aac5b
2025-12-23 10:53:47 | 949bc8e6-c643-439e-b8a0-94a756dc0859
2025-12-23 10:54:20 | 4e21aa4f-f30b-4f1a-bcab-551828080991
2025-12-23 10:56:50 | 07eddb86-6d93-4ed1-9c14-e7c0bd0a1cc9
2025-12-23 10:58:29 | 88d81beb-e0c9-4533-8e4b-f269c7fc5d57
2025-12-23 12:11:35 | e93de12d-8480-4c37-8aa1-d6d264e3829b
2025-12-23 13:19:51 | c9bfe988-baae-4e7e-b890-13bcbb27e34a
2025-12-23 13:20:24 | fb1f8a73-63e0-48d6-a2c6-5a8575fa42a9
2025-12-23 13:30:26 | 48d87269-3d33-4faa-b0a9-bc94289281ba
2025-12-23 13:46:48 | b2a76da9-8e82-467c-869a-08dbedf79cb2
2025-12-23 14:01:24 | 2bdd4466-8fbb-4f7c-9dce-cfdcfa86a316
2025-12-23 14:12:23 | 0544c3c3-5ab3-4805-b233-95fb82584c18
2025-12-23 14:37:52 | 22bb44ff-cbcc-4af6-914f-58341dedcb16
2025-12-23 14:40:28 | f13794eb-07da-45d6-b193-33d8f07e834f
2025-12-23 17:00:21 | 2872a857-f06a-4f1a-bc4c-c34177b82132
2025-12-24 09:01:05 | 2dbc93d0-7a7a-4a52-b5f4-a71dcc6f53b9
2025-12-24 09:01:37 | 573191e5-2e81-4703-8022-a6d34371cc2b
2025-12-24 09:02:10 | b32b2e82-1420-4d41-b5b9-705491c5e250
2025-12-24 09:02:43 | 4562653c-bb09-430d-9937-9e2ed11eac4d
2025-12-24 09:03:16 | 1e8d3870-38ff-46ea-b005-31d3ac181f2a
2025-12-24 09:03:49 | c2b0801b-1673-4a63-a901-3005e94fe605
2025-12-24 09:04:21 | 1ddee427-1ba3-413c-a065-cd2c2bed2cc6
2025-12-24 09:04:28 | 5a2927de-10d1-4c00-81ee-534f07786241
2025-12-24 09:06:25 | cfd80e90-3a5a-48ae-9a68-17a5b59904b2
2025-12-24 10:36:19 | 9613aa05-acbd-43ef-82db-fc912c8337a2
2025-12-24 11:45:34 | f280db59-5787-44a0-9cf2-dd8c3372939e
2025-12-24 11:46:07 | 5cb9450c-f9ce-4a96-b678-ad029b51bb36
2025-12-24 11:46:40 | 7bbb7fb6-85f8-4d9f-baf3-13ac773cb9b0
2025-12-24 11:47:12 | ab17721a-cd5c-49aa-8ced-f2e9196d3c38
2025-12-24 11:52:36 | fa0d89eb-ffc0-4a72-a925-95845600a5bb
2025-12-24 11:53:09 | 5fcbdee9-c0c1-4158-a217-78b5bd57c2bb
2025-12-24 11:54:30 | 3dee3610-f37c-44bc-96f9-28fe3d7412bf
2025-12-24 11:55:57 | cdce6726-56b2-4dc2-9b52-b215323767f4
2025-12-24 14:34:03 | 3e84f65e-41b5-4bc0-9ccb-bb0311f385fd
2025-12-24 14:47:42 | e8febb50-d38d-4fab-92df-47e811134e04
2025-12-24 14:52:42 | a4ca53ea-6cb5-4fcd-a75d-cb951d70f6b2
2025-12-24 14:53:15 | eeea1ed6-d807-4bff-a654-99b3ae693d8a
2025-12-24 14:53:47 | afa2c2db-b224-4fb6-a039-a3d9ede2f874
2025-12-24 14:54:20 | e08f1ea2-3cb1-4115-a629-415fd5341a42
2025-12-24 14:54:53 | 23cf86fc-340d-45ed-b2b1-4e1aafe12a13
2025-12-24 14:55:26 | da3ab1d8-f974-4c88-82b7-3dfb349a0076
2025-12-24 14:55:58 | 412e062c-a3cf-43d1-8154-16580f4daa55
2025-12-24 14:56:31 | aefbe38e-5b14-4ce0-9159-842052c35258
2025-12-24 14:57:04 | 72e3ea10-83d3-4520-8c9c-095895ae2d8f
2025-12-24 14:57:36 | 82eede5f-dad8-466d-be81-8c9c7bb48f2d
2025-12-24 14:58:08 | 67570aaf-b41c-4a67-8d92-bca53825e713
2025-12-24 14:59:53 | 94f1d6ec-f189-448f-8682-a55f5db7f402
2025-12-24 15:01:08 | d68a246e-9cbe-4439-bcaa-5c545bd49493
2025-12-24 15:48:04 | 70928be6-e928-47ad-a8a2-6f699dfc5976
2025-12-24 15:48:36 | f86ffbfc-c9b6-453e-a085-65be1378e73c
2025-12-24 15:49:09 | 12cb8606-992a-4cf8-984c-e1565fbd8fc3
2025-12-26 09:11:51 | fdafd38f-0be6-4624-a33a-3ccecc32f6ca
2025-12-26 09:12:24 | 581d82e1-0235-4bba-bb4b-1e55dc4fa2f0
2025-12-26 10:48:18 | 770b1ee6-c616-489b-be95-c47d773684ed
2025-12-26 11:34:27 | 9db057a1-1e09-4b66-b9a0-5fcd6013e248
2025-12-26 12:58:43 | e0b29582-0c98-4591-b53c-1702ee771e1e
2025-12-26 13:02:34 | edc99df5-b4c2-4f71-9797-1f44a3be93b3
2025-12-26 13:19:50 | 1826e417-1bbf-404f-a6bd-1013f9a23c5a
2025-12-26 13:38:01 | dcc19565-6ac3-4140-98ce-fa8b509ff71a
2025-12-26 15:33:34 | 7bbd6448-30a7-4851-aa3a-3858a35118e2
2025-12-26 16:47:02 | 19faeca0-82de-42a6-899e-07a281e2f0b2
2025-12-26 16:47:35 | f556125f-9741-4c23-990d-8dd56bb8e4e1
2025-12-29 11:13:08 | 3801ca88-4893-448c-bf20-01f23d20a132
2025-12-29 15:40:32 | 22ff41ea-d0d8-47f0-9ff7-ffc18590d6da
2025-12-29 17:54:21 | b134187e-35cf-4f03-82c9-776bc23c3c61
2025-12-30 09:08:38 | 5ccbe615-8665-421b-bf51-678af55b6de0
2025-12-30 09:09:11 | 8e65e156-a2cc-462f-8fa0-d070a8289f1c
2025-12-30 09:23:04 | ee1f47a9-8dbc-4150-b7a2-3b0395ddecbe
2025-12-30 10:44:54 | 9a388bb9-f018-4867-a563-b26a606fa5de
2025-12-30 10:45:27 | 6248a92a-9a1c-432a-986d-0cb6fa1ad3c2
2025-12-30 10:45:59 | 37106ea2-f365-4ecc-9e07-ba4d824f3b31
2025-12-30 10:46:32 | c812de3d-9219-443d-84fb-e1b7359fcc24
2025-12-30 10:47:20 | 38bfda98-a1ae-4f7a-b362-b9d431b935a6
2025-12-30 10:48:20 | 67fe65ed-ca2b-486f-9c92-d3e4e675d423
2025-12-30 10:59:07 | ad2cae60-437c-4abf-9fb8-d111bfda4cd2
2025-12-30 11:01:33 | 70cf3ccd-5b9d-4d70-81c0-a07ce9d5e76c
2025-12-30 11:05:18 | 298aa4ab-615a-4034-a4d8-590cc0c330bf
2025-12-30 11:07:43 | c1302afe-5496-45e7-95d1-bbabe7d04e31
2025-12-30 13:32:48 | 79ca0af4-ea29-4758-8734-0527cef17e3b
2025-12-30 13:33:21 | 54869ea6-f61e-4ce2-846d-df9cb9ac13d9
2025-12-30 13:33:54 | 79e7412f-a02f-4de1-9d06-bc82d6efb2c3
2025-12-30 13:34:27 | fdad1de0-f1f6-44b7-bfd2-80d290ad40c5
2025-12-30 13:35:00 | 13e9505f-f59f-40f4-ac00-73bab3362d20
2025-12-30 13:35:33 | 1f5dc660-bdac-42c0-ad52-751d7bc9b6d7
2025-12-30 13:36:05 | a4278e68-1f5a-4dae-b93e-dc008b166b87
2025-12-30 13:36:38 | 86b61540-7d7e-48df-ac1c-851aa4ec2b87
2025-12-30 13:44:15 | f015ccd8-ee0b-4b82-800d-fc669ef369e1
2025-12-30 13:44:48 | 219a0508-122a-48bb-8c64-73e9e80ea3f7
2025-12-30 15:23:52 | e99ecdb6-d300-406a-8150-aab969d234b1
2026-01-08 10:54:33 | 34a5efee-1f88-4199-8d36-a50c8c47f85a
2026-01-08 10:54:33 | 34a5efee-1f88-4199-8d36-a50c8c47f85a
2026-01-08 12:05:40 | 18687d8c-2a72-47e1-a9d1-f9e1569c438f
2026-01-08 12:05:40 | 18687d8c-2a72-47e1-a9d1-f9e1569c438f
2026-01-08 13:44:16 | 20725fff-de0e-44bf-8ff0-56b45ad34081
2026-01-08 13:44:16 | 20725fff-de0e-44bf-8ff0-56b45ad34081
2026-01-08 15:01:19 | b5d8aba3-a80b-4a52-b6c9-02d702e6bfdb
2026-01-08 15:01:19 | b5d8aba3-a80b-4a52-b6c9-02d702e6bfdb
2026-01-08 15:05:34 | 28dba64c-135b-418d-a106-0c7fd79afb36
2026-01-08 15:05:34 | 28dba64c-135b-418d-a106-0c7fd79afb36
2026-01-08 15:23:34 | 53f0a109-cbc3-4875-a095-f6221022ee9a
2026-01-08 15:23:34 | 53f0a109-cbc3-4875-a095-f6221022ee9a
2026-01-13 11:02:11 | 052860fa-3e66-435b-9ac5-104b21160d58
2026-01-13 11:02:11 | 052860fa-3e66-435b-9ac5-104b21160d58
2026-01-13 11:02:44 | b55a10a9-5d0a-4b93-8e0f-55ab9f65d2b2
2026-01-13 11:02:44 | b55a10a9-5d0a-4b93-8e0f-55ab9f65d2b2
2026-01-13 11:22:49 | 891e275c-fd77-44e9-b2c6-d6c5b187807a
2026-01-13 11:22:49 | 891e275c-fd77-44e9-b2c6-d6c5b187807a
2026-01-13 11:24:04 | 385754db-f3fd-417b-a4ba-0b1c58fcab87
2026-01-13 11:24:04 | 385754db-f3fd-417b-a4ba-0b1c58fcab87
2026-01-13 11:24:37 | 5fe90666-109a-41cf-9a9c-ab573102a1ee
2026-01-13 11:24:37 | 5fe90666-109a-41cf-9a9c-ab573102a1ee
2026-01-13 14:28:38 | b4245dd9-e83f-4e50-b103-c062238cd549
2026-01-13 14:28:38 | b4245dd9-e83f-4e50-b103-c062238cd549
2026-01-13 14:34:07 | 5fabe636-debf-470b-9f82-b978b1fd0dde
2026-01-13 14:34:07 | 5fabe636-debf-470b-9f82-b978b1fd0dde
2026-01-13 14:35:13 | 189ff80d-46cf-4586-8ebe-1a638fc1a3f7
2026-01-13 14:35:13 | 189ff80d-46cf-4586-8ebe-1a638fc1a3f7
2026-01-13 14:48:40 | 94a365cd-0a3c-4a0d-87b9-2cd836f65ce4
2026-01-13 14:48:40 | 94a365cd-0a3c-4a0d-87b9-2cd836f65ce4
2026-01-13 15:23:09 | 67fe7c98-a603-40cb-8b1d-30eb28952585
2026-01-13 15:23:09 | 67fe7c98-a603-40cb-8b1d-30eb28952585
2026-01-13 15:36:18 | 2d05f499-c4b2-457b-ad95-85693fb93173
2026-01-13 15:36:18 | 2d05f499-c4b2-457b-ad95-85693fb93173
2026-01-13 15:51:51 | 83656f90-915c-4db7-85c4-64dabee8dfd0
2026-01-13 15:51:51 | 83656f90-915c-4db7-85c4-64dabee8dfd0
2026-01-13 15:53:22 | 2664056e-bc31-4a0b-8327-e5017b8f15b6
2026-01-13 15:53:22 | 2664056e-bc31-4a0b-8327-e5017b8f15b6
2026-01-13 15:53:58 | 288380ca-4ac6-4768-9dce-22f6c0f90f8f
2026-01-13 15:53:58 | 288380ca-4ac6-4768-9dce-22f6c0f90f8f
2026-01-13 17:00:51 | 3c5f6b03-5435-4e81-9472-cbd07b947e21
2026-01-13 17:00:51 | 3c5f6b03-5435-4e81-9472-cbd07b947e21
2026-01-13 17:42:37 | 8815414f-6c0e-477b-bc33-360389ccf882
2026-01-13 17:42:37 | 8815414f-6c0e-477b-bc33-360389ccf882
2026-01-14 09:21:48 | bb8b591b-ac66-4f8a-b798-bc1efda69c2d
2026-01-14 09:21:48 | bb8b591b-ac66-4f8a-b798-bc1efda69c2d
2026-01-14 10:06:19 | 2f0113e8-acdf-400a-a783-fee98d36785f
2026-01-14 10:06:19 | 2f0113e8-acdf-400a-a783-fee98d36785f
2026-01-14 10:06:52 | a458d634-5f5f-40da-85ad-ed42e4b2a87e
2026-01-14 10:06:52 | a458d634-5f5f-40da-85ad-ed42e4b2a87e
2026-01-14 10:07:25 | c636a14f-b21a-435c-87ca-3cc0ed727b79
2026-01-14 10:07:25 | c636a14f-b21a-435c-87ca-3cc0ed727b79
2026-01-14 10:07:57 | 0c6ff20c-d4ca-4f76-a9d8-2d53d218894f
2026-01-14 10:07:57 | 0c6ff20c-d4ca-4f76-a9d8-2d53d218894f
2026-01-21 10:34:00 | 634ae2ae-45d4-434f-8160-d0ad34e68391
2026-01-21 10:34:00 | 634ae2ae-45d4-434f-8160-d0ad34e68391
2026-01-21 10:39:19 | 35b0b56e-2dce-4e7f-b300-52b8792ce174
2026-01-21 10:39:19 | 35b0b56e-2dce-4e7f-b300-52b8792ce174
2026-01-21 10:44:46 | 38066091-595c-4b5d-bfc7-a57436769cd8
2026-01-21 10:44:46 | 38066091-595c-4b5d-bfc7-a57436769cd8
2026-01-21 10:50:29 | 705cf7a1-2f37-40b3-8084-a873aa14d4dc
2026-01-21 10:50:29 | 705cf7a1-2f37-40b3-8084-a873aa14d4dc
2026-01-21 10:58:39 | 4ff0d3b0-23fb-41f1-b6a1-e415338562d5
2026-01-21 10:58:39 | 4ff0d3b0-23fb-41f1-b6a1-e415338562d5
2026-01-21 11:04:19 | 5b2cbc44-0878-4545-9259-66fe6ef107ab
2026-01-21 11:04:19 | 5b2cbc44-0878-4545-9259-66fe6ef107ab
2026-01-21 11:20:30 | 31994844-914c-46b7-a0c7-f6d3fcab1f2c
2026-01-21 11:20:30 | 31994844-914c-46b7-a0c7-f6d3fcab1f2c
2026-01-21 13:55:58 | b1f25742-6d9f-40bc-bffc-f6bd8832a3bb
2026-01-21 13:55:58 | b1f25742-6d9f-40bc-bffc-f6bd8832a3bb
2026-01-21 13:59:13 | 4c828ee9-fcfd-4a67-ae53-9c24fd792657
2026-01-21 13:59:13 | 4c828ee9-fcfd-4a67-ae53-9c24fd792657
2026-01-21 14:53:52 | 252b0312-4b3d-4191-8f84-1a8c5d030687
2026-01-21 14:53:52 | 252b0312-4b3d-4191-8f84-1a8c5d030687
2026-01-21 14:58:19 | 7fd52b1a-f996-4968-aa27-d074a20a6e3d
2026-01-21 14:58:19 | 7fd52b1a-f996-4968-aa27-d074a20a6e3d
2026-01-21 14:59:55 | c22c8183-434c-406b-af71-1e47d5bbddce
2026-01-21 14:59:55 | c22c8183-434c-406b-af71-1e47d5bbddce
