2025-12-09 14:58:00 | ID: 0d294d27-14e0-4bb3-8a91-692d34671178 | Sucesso: True | Código: 69427 | Descrição: SAMSUNG SMART TV 65' CRYSTAL UHD 4K U8100F 2025
2025-12-09 15:19:35 | ID: 7d3501cf-2429-4215-863d-8fe0462a6d29 | Sucesso: True | Código: 69427 | Descrição: SAMSUNG SMART TV 65' CRYSTAL UHD 4K U8100F 2025
2025-12-11 13:51:14 | ID: d1ba74a5-277d-46e8-ab48-f9f4d305cff0 | Sucesso: True | Código: 69490 | Descrição: ANTENA UHF CONTROLADOR DE ACESSO VEICULAR INTELBRAS SS UHF CUSTO:
2025-12-11 14:44:06 | ID: d1ba74a5-277d-46e8-ab48-f9f4d305cff0 | Sucesso: True | Código: 69490 | Descrição: ANTENA UHF CONTROLADOR DE ACESSO VEICULAR INTELBRAS SS UHF CUSTO:
2025-12-11 15:15:17 | ID: e6ea85ed-a95c-423d-8f8c-741a8bd58240 | Sucesso: True | Código: 69508 | Descrição: 11 3686
2025-12-12 11:24:08 | ID: e6ea85ed-a95c-423d-8f8c-741a8bd58240 | Sucesso: True | Código: 69508 | Descrição: 11 3686
2025-12-12 13:12:18 | ID: e6ea85ed-a95c-423d-8f8c-741a8bd58240 | Sucesso: True | Código: 69508 | Descrição: 11 3686
2025-12-15 09:02:08 | ID: cbc1034d-1083-42ba-917a-a4892235c780 | Sucesso: True | Código: 69546 | Descrição: PLAYSTATION 5 SLIM DIGITAL CORE
2025-12-15 10:50:19 | ID: cbc1034d-1083-42ba-917a-a4892235c780 | Sucesso: True | Código: 69546 | Descrição: PLAYSTATION 5 SLIM DIGITAL CORE
2025-12-15 11:13:07 | ID: cbc1034d-1083-42ba-917a-a4892235c780 | Sucesso: True | Código: 69546 | Descrição: PLAYSTATION 5 SLIM DIGITAL CORE
2025-12-15 11:24:00 | ID: cbc1034d-1083-42ba-917a-a4892235c780 | Sucesso: True | Código: 69546 | Descrição: PLAYSTATION 5 SLIM DIGITAL CORE
2025-12-15 11:36:19 | ID: cbc1034d-1083-42ba-917a-a4892235c780 | Sucesso: True | Código: 69546 | Descrição: PLAYSTATION 5 SLIM DIGITAL CORE
2025-12-15 14:14:07 | ID: cbc1034d-1083-42ba-917a-a4892235c780 | Sucesso: True | Código: 69546 | Descrição: PLAYSTATION 5 SLIM DIGITAL CORE
2025-12-15 15:00:18 | ID: cbc1034d-1083-42ba-917a-a4892235c780 | Sucesso: True | Código: 69546 | Descrição: PLAYSTATION 5 SLIM DIGITAL CORE
2025-12-15 15:38:39 | ID: cbc1034d-1083-42ba-917a-a4892235c780 | Sucesso: True | Código: 69546 | Descrição: PLAYSTATION 5 SLIM DIGITAL CORE
2025-12-16 08:58:13 | ID: cbc1034d-1083-42ba-917a-a4892235c780 | Sucesso: True | Código: 69546 | Descrição: PLAYSTATION 5 SLIM DIGITAL CORE
2025-12-16 13:48:55 | ID: c58606fb-7a27-4947-86bb-66d87db3d45d | Sucesso: True | Código: 69583 | Descrição: CAPACETE VIGO MONOCOLOR BRANCO TM 58 799.90 CAPACETE LS2 VIGO MONOCOLOR BRANCO TM 60 65061000 799.90
2025-12-16 14:03:52 | ID: c58606fb-7a27-4947-86bb-66d87db3d45d | Sucesso: True | Código: 69583 | Descrição: CAPACETE VIGO MONOCOLOR BRANCO TM 58 799.90 CAPACETE LS2 VIGO MONOCOLOR BRANCO TM 60 65061000 799.90
2025-12-17 14:26:17 | ID: 3d6aed30-7170-490f-904b-5bf8007c1129 | Sucesso: True | Código: 69601 | Descrição: SUPORTE ARTICULADO PARA TV 17 A 42 STA-100 VINIK
2025-12-17 15:18:00 | ID: 3d6aed30-7170-490f-904b-5bf8007c1129 | Sucesso: True | Código: 69601 | Descrição: SUPORTE ARTICULADO PARA TV 17 A 42 STA-100 VINIK
2025-12-18 09:01:49 | ID: 3d6aed30-7170-490f-904b-5bf8007c1129 | Sucesso: True | Código: 69601 | Descrição: SUPORTE ARTICULADO PARA TV 17 A 42 STA-100 VINIK
2026-01-08 10:54:33 | ID: 34a5efee-1f88-4199-8d36-a50c8c47f85a | Sucesso: True | Código: 69899 | Descrição: M UNIVERSAL CELULAR CÂMERA BLUETOOTH COR PRETO BODEN TTCB01
2026-01-08 12:05:40 | ID: 18687d8c-2a72-47e1-a9d1-f9e1569c438f | Sucesso: True | Código: 69900 | Descrição: PLACA GEFORCE GT 710 2GB DDR3 PPET7102GBLP PCYES
2026-01-08 13:44:16 | ID: 20725fff-de0e-44bf-8ff0-56b45ad34081 | Sucesso: True | Código: 69901 | Descrição: ACIONADOR PEDAL ELETRICO P/BIC BANC 110V LORENMETAIS 13095
2026-01-08 15:01:19 | ID: b5d8aba3-a80b-4a52-b6c9-02d702e6bfdb | Sucesso: True | Código: 69902 | Descrição: TABLET LENOVO OCTA-CORE 4GB RAM 64GB WI-FI ANDROID 14 10 1 WUXGA ZAEH0151BR
2026-01-08 15:05:34 | ID: 28dba64c-135b-418d-a106-0c7fd79afb36 | Sucesso: True | Código: 69903 | Descrição: DESKTOP DELL TOWER PLUS ULTRA 5 225 16G 512G RTX 3050 WIND PRO EBT2250 CUSTO
2026-01-08 15:23:34 | ID: 53f0a109-cbc3-4875-a095-f6221022ee9a | Sucesso: True | Código: 69904 | Descrição: - PREÇO
2026-01-13 11:02:11 | ID: 052860fa-3e66-435b-9ac5-104b21160d58 | Sucesso: True | Código: 69973 | Descrição: CAIXA PASSAGEM CINZA 25X15X10CM S310 STECK
2026-01-13 11:02:44 | ID: b55a10a9-5d0a-4b93-8e0f-55ab9f65d2b2 | Sucesso: True | Código: 69975 | Descrição: IMPRESSORA ZEBRA PORT ZQ630 PLU S 256MB/512MB USB/WIFI/BT/SER C/FONTE
2026-01-13 11:22:49 | ID: 891e275c-fd77-44e9-b2c6-d6c5b187807a | Sucesso: True | Código: 69976 | Descrição: CAIXA DE EMENDA AÉREA/SUBTERRANEA 12FO CEO 12 SHORELINE
2026-01-13 11:24:04 | ID: 385754db-f3fd-417b-a4ba-0b1c58fcab87 | Sucesso: True | Código: 69977 | Descrição: 8536 7000 - CAIXA DIO 19 1U VAZIA P/ ATÉ 24FO SC SIMPLEX OU 24 LC DUPLEX - CAIXA EM AÇO - COR PRETO
2026-01-13 11:24:37 | ID: 5fe90666-109a-41cf-9a9c-ab573102a1ee | Sucesso: True | Código: 69978 | Descrição: CAIXA DIO 19 1U VAZIA P/ ATÉ 24FO SC SIMPLEX OU 24 LC DUPLEX - CAIXA EM AÇO - COR PRETO GLOBAL
2026-01-13 14:13:58 | ID: 77555686-eea4-406a-87db-58dd065dc8b9 | Sucesso: True | Código: 69981 | Descrição: HTTPS //WWW MERCADOLIVRE COM BR/COPO- UNIDADE_1 -FLEX-TRANSPARENTE-DESCARTAVEL-PS
2026-01-13 14:14:34 | ID: 77555686-eea4-406a-87db-58dd065dc8b9 | Sucesso: True | Código: 69981 | Descrição: HTTPS //WWW MERCADOLIVRE COM BR/COPO- UNIDADE_1 -FLEX-TRANSPARENTE-DESCARTAVEL-PS
2026-01-13 14:28:38 | ID: b4245dd9-e83f-4e50-b103-c062238cd549 | Sucesso: True | Código: 69982 | Descrição: ESTABILIZADOR DJI RS 3 MINI BR
2026-01-13 14:34:07 | ID: 5fabe636-debf-470b-9f82-b978b1fd0dde | Sucesso: True | Código: 69983 | Descrição: SUPORTE GODOX AD-E2 PARA AD100PRO AD200PRO E AD300PRO
2026-01-13 14:35:13 | ID: 189ff80d-46cf-4586-8ebe-1a638fc1a3f7 | Sucesso: True | Código: 69984 | Descrição: SOFTBOX OCTOGONAL ULANZI DE 15 8 COM SISTEMA DE LIBERAÇÃO RÁPIDA E ENCAIXE MINI BOWENS
2026-01-13 14:48:40 | ID: 94a365cd-0a3c-4a0d-87b9-2cd836f65ce4 | Sucesso: True | Código: 69984 | Descrição: SOFTBOX OCTOGONAL ULANZI DE 15 8 COM SISTEMA DE LIBERAÇÃO RÁPIDA E ENCAIXE MINI BOWENS
2026-01-13 15:23:09 | ID: 67fe7c98-a603-40cb-8b1d-30eb28952585 | Sucesso: True | Código: 69985 | Descrição: ESTANTE PORTA COMPONENTES C/21 CXS N7 PRETA 71X35X150CM EP21/7P MARCON
2026-01-13 15:36:18 | ID: 2d05f499-c4b2-457b-ad95-85693fb93173 | Sucesso: True | Código: 69986 | Descrição: ESTANTE PORTA COMPONENTES C/21 CXS N7 PRETA 71X35X150CM EF21/7P MARCON
2026-01-13 15:51:51 | ID: 83656f90-915c-4db7-85c4-64dabee8dfd0 | Sucesso: True | Código: 69987 | Descrição: HTTPS //SHOP ERIKS BE/EN/VALVES-AND-ACTUATORS-ACTUATORS-FOR-VALVES-ELECTRIC-ACTUATORS-QUARTERTURN/ELECTRIC-ACTUATOR-SERIES-ELA80
2026-01-13 15:53:22 | ID: 2664056e-bc31-4a0b-8327-e5017b8f15b6 | Sucesso: True | Código: 69988 | Descrição: CONE INHOFF ACRILICO SEDIMENTACAO UNIDADE_1
2026-01-13 15:53:58 | ID: 288380ca-4ac6-4768-9dce-22f6c0f90f8f | Sucesso: True | Código: 69989 | Descrição: CONE IMHOFF DE VIDRO GRADUADO UNIDADE_1
2026-01-13 17:00:51 | ID: 3c5f6b03-5435-4e81-9472-cbd07b947e21 | Sucesso: True | Código: 69990 | Descrição: CONECTOR RJ45 MACHO PLUG UTP CAT6 C/10 UM CABLE
2026-01-13 17:42:37 | ID: 8815414f-6c0e-477b-bc33-360389ccf882 | Sucesso: True | Código: 69991 | Descrição: NOBREAK EATON 9PX 1 KVA UNIDADE_1 RACK/TORRE 9PX1000B
2026-01-14 09:05:21 | ID: 77555686-eea4-406a-87db-58dd065dc8b9 | Sucesso: True | Código: 69981 | Descrição: HTTPS //WWW MERCADOLIVRE COM BR/COPO- UNIDADE_1 -FLEX-TRANSPARENTE-DESCARTAVEL-PS
2026-01-14 09:05:22 | ID: 77555686-eea4-406a-87db-58dd065dc8b9 | Sucesso: True | Código: 69981 | Descrição: HTTPS //WWW MERCADOLIVRE COM BR/COPO- UNIDADE_1 -FLEX-TRANSPARENTE-DESCARTAVEL-PS
2026-01-14 09:21:48 | ID: bb8b591b-ac66-4f8a-b798-bc1efda69c2d | Sucesso: True | Código: 69992 | Descrição: FONE DE OUVIDO SEM FIO HUAWEI FREEBUDS SE3 INTRA-AURICULAR PRETO - 285131
2026-01-14 10:06:19 | ID: 2f0113e8-acdf-400a-a783-fee98d36785f | Sucesso: True | Código: 69993 | Descrição: ETIQUETA ADESIVA P/ CODIFICAÇÃO UNIDADE_1 VERDE ADECONEX C/ 1000 UND
2026-01-14 10:06:52 | ID: a458d634-5f5f-40da-85ad-ed42e4b2a87e | Sucesso: True | Código: 69994 | Descrição: ETIQUETA ADESIVA P/ CODIFICAÇÃO UNIDADE_1 ROXO ADECONEX C/ 1000 UND
2026-01-14 10:07:25 | ID: c636a14f-b21a-435c-87ca-3cc0ed727b79 | Sucesso: True | Código: 69995 | Descrição: ETIQUETA ADESIVA P/ CODIFICAÇÃO UNIDADE_1 MARROM ADECONEX C/ 1000 UND
2026-01-14 10:07:57 | ID: 0c6ff20c-d4ca-4f76-a9d8-2d53d218894f | Sucesso: True | Código: 69996 | Descrição: ETIQUETA ADESIVA P/ CODIFICAÇÃO UNIDADE_1 BRANCO ADECONEX C/ 1000 UND
2026-01-21 10:34:00 | ID: 634ae2ae-45d4-434f-8160-d0ad34e68391 | Sucesso: True | Código: 70158 | Descrição: SMART TV AIWA 50 POLEGADAS ANDROID 4K BORDA ULTRAFINA PRETO
2026-01-21 10:39:19 | ID: 35b0b56e-2dce-4e7f-b300-52b8792ce174 | Sucesso: True | Código: 70159 | Descrição: ENCODER INCREMENTAL MODELO POG 10 DN 1024 BAUMER
2026-01-21 10:44:46 | ID: 38066091-595c-4b5d-bfc7-a57436769cd8 | Sucesso: True | Código: 70160 | Descrição: ALFINETE DE SEGURANÇA PRESILHA 36 MM 100 UNIDADES N1
2026-01-21 10:50:29 | ID: 705cf7a1-2f37-40b3-8084-a873aa14d4dc | Sucesso: True | Código: 70161 | Descrição: SECADOR DE MAOS SENSORIZADO FLASH 220V 1350W IP23 DRACO
2026-01-21 10:58:39 | ID: 4ff0d3b0-23fb-41f1-b6a1-e415338562d5 | Sucesso: True | Código: 70162 | Descrição: BANDEJA COM APOIO AO LEITO MARFIM
2026-01-21 11:04:19 | ID: 5b2cbc44-0878-4545-9259-66fe6ef107ab | Sucesso: True | Código: 70163 | Descrição: LAVA-SECA LG 14KG VC4 CV5014WC4 BCA 220V
2026-01-21 11:20:30 | ID: 31994844-914c-46b7-a0c7-f6d3fcab1f2c | Sucesso: True | Código: 70164 | Descrição: SUPORTE ORGANIZADOR P/6 ACESSORIOS AZUL BRALIMPIA
2026-01-21 13:55:58 | ID: b1f25742-6d9f-40bc-bffc-f6bd8832a3bb | Sucesso: True | Código: 70171 | Descrição: CAMERA RICOH THETA SC2-360
2026-01-21 13:59:13 | ID: 4c828ee9-fcfd-4a67-ae53-9c24fd792657 | Sucesso: True | Código: 70172 | Descrição: KM-5CR CONECTOR UHF MACHO RETO CABO CRIMPAGEM RG/RGC-213
2026-01-21 14:53:52 | ID: 252b0312-4b3d-4191-8f84-1a8c5d030687 | Sucesso: True | Código: 70173 | Descrição: ESTRUTURA DE MESA GENIODESK PRO - PRETO
2026-01-21 14:58:19 | ID: 7fd52b1a-f996-4968-aa27-d074a20a6e3d | Sucesso: True | Código: 70174 | Descrição: SMART TV 50 SEMP TCL LED 4K ULTRA HD 50S62
2026-01-21 14:59:55 | ID: c22c8183-434c-406b-af71-1e47d5bbddce | Sucesso: True | Código: 70175 | Descrição: AR CONDICIONADO SPLIT HI WALL INVERTER AGRATTO LIV 9 000 BTU/H QUENTE E FRIO LCST9QF – 220 VOLTS
